<?xml version="1.0" encoding="UTF-8"?>
<testsuite hostname="TSD-124" name="ManageRelaseNotes.Manage_Release_NotesTest" tests="5" failures="0" timestamp="5 Dec 2017 06:27:25 GMT" time="146.289" errors="0">
  <testcase name="ManageReleaseNotes" time="8.38" classname="ManageRelaseNotes.Manage_Release_NotesTest"/>
  <testcase name="CreateReleaseNotes" time="30.748" classname="ManageRelaseNotes.Manage_Release_NotesTest"/>
  <testcase name="EditReleaseNotesbydescription" time="24.127" classname="ManageRelaseNotes.Manage_Release_NotesTest"/>
  <testcase name="EditReleaseNotesbydate" time="24.58" classname="ManageRelaseNotes.Manage_Release_NotesTest"/>
  <testcase name="DeleteReleaseNotes" time="21.199" classname="ManageRelaseNotes.Manage_Release_NotesTest"/>
</testsuite>
