<?xml version="1.0" encoding="UTF-8"?>
<testng-results skipped="0" failed="0" total="5" passed="5">
  <reporter-output>
  </reporter-output>
  <suite name="Default suite" duration-ms="146289" started-at="2017-12-05T11:54:59Z" finished-at="2017-12-05T11:57:25Z">
    <groups>
    </groups>
    <test name="Default test" duration-ms="146289" started-at="2017-12-05T11:54:59Z" finished-at="2017-12-05T11:57:25Z">
      <class name="ManageRelaseNotes.Manage_Release_NotesTest">
        <test-method status="PASS" signature="OpenBrowseAndLogin()" name="OpenBrowseAndLogin" is-config="true" duration-ms="36527" started-at="2017-12-05T11:54:59Z" finished-at="2017-12-05T11:55:36Z">
        </test-method>
        <test-method status="PASS" signature="ManageReleaseNotes()" name="ManageReleaseNotes" duration-ms="8380" started-at="2017-12-05T11:55:36Z" finished-at="2017-12-05T11:55:44Z">
        </test-method>
        <test-method status="PASS" signature="CreateReleaseNotes()" name="CreateReleaseNotes" duration-ms="30748" started-at="2017-12-05T11:55:44Z" finished-at="2017-12-05T11:56:15Z">
        </test-method>
        <test-method status="PASS" signature="EditReleaseNotesbydescription()" name="EditReleaseNotesbydescription" duration-ms="24127" started-at="2017-12-05T11:56:15Z" finished-at="2017-12-05T11:56:39Z">
        </test-method>
        <test-method status="PASS" signature="EditReleaseNotesbydate()" name="EditReleaseNotesbydate" duration-ms="24580" started-at="2017-12-05T11:56:39Z" finished-at="2017-12-05T11:57:03Z">
        </test-method>
        <test-method status="PASS" signature="DeleteReleaseNotes()" name="DeleteReleaseNotes" duration-ms="21199" started-at="2017-12-05T11:57:03Z" finished-at="2017-12-05T11:57:25Z">
        </test-method>
        <test-method status="PASS" signature="closeBrowser()" name="closeBrowser" is-config="true" duration-ms="691" started-at="2017-12-05T11:57:25Z" finished-at="2017-12-05T11:57:25Z">
        </test-method>
      </class>
    </test>
  </suite>
</testng-results>
