<?xml version="1.0" encoding="UTF-8"?>
<testng-results skipped="0" failed="0" total="5" passed="5">
  <reporter-output>
  </reporter-output>
  <suite name="ManageRelaseNotes.Manage_Release_NotesTest" duration-ms="141135" started-at="2017-12-05T12:03:51Z" finished-at="2017-12-05T12:06:13Z">
    <groups>
    </groups>
    <test name="Command line test" duration-ms="141135" started-at="2017-12-05T12:03:51Z" finished-at="2017-12-05T12:06:13Z">
      <class name="ManageRelaseNotes.Manage_Release_NotesTest">
        <test-method status="PASS" signature="OpenBrowseAndLogin()" name="OpenBrowseAndLogin" is-config="true" duration-ms="32030" started-at="2017-12-05T12:03:51Z" finished-at="2017-12-05T12:04:24Z">
        </test-method>
        <test-method status="PASS" signature="ManageReleaseNotes()" name="ManageReleaseNotes" duration-ms="7933" started-at="2017-12-05T12:04:24Z" finished-at="2017-12-05T12:04:31Z">
        </test-method>
        <test-method status="PASS" signature="CreateReleaseNotes()" name="CreateReleaseNotes" duration-ms="31444" started-at="2017-12-05T12:04:31Z" finished-at="2017-12-05T12:05:03Z">
        </test-method>
        <test-method status="PASS" signature="EditReleaseNotesbydescription()" name="EditReleaseNotesbydescription" duration-ms="22436" started-at="2017-12-05T12:05:03Z" finished-at="2017-12-05T12:05:25Z">
        </test-method>
        <test-method status="PASS" signature="EditReleaseNotesbydate()" name="EditReleaseNotesbydate" duration-ms="24821" started-at="2017-12-05T12:05:25Z" finished-at="2017-12-05T12:05:50Z">
        </test-method>
        <test-method status="PASS" signature="DeleteReleaseNotes()" name="DeleteReleaseNotes" duration-ms="21440" started-at="2017-12-05T12:05:50Z" finished-at="2017-12-05T12:06:12Z">
        </test-method>
        <test-method status="PASS" signature="closeBrowser()" name="closeBrowser" is-config="true" duration-ms="1022" started-at="2017-12-05T12:06:12Z" finished-at="2017-12-05T12:06:13Z">
        </test-method>
      </class>
    </test>
  </suite>
</testng-results>
