<?xml version="1.0" encoding="UTF-8"?>
<testsuite hostname="TSD-124" name="ManageEncouragementDays.ManageEncouragementDaysTest" tests="8" failures="0" timestamp="17 May 2018 11:09:01 GMT" time="247.093" errors="0">
  <testcase name="OpenManageEncouragementDaysSection" time="10.32" classname="ManageEncouragementDays.ManageEncouragementDaysTest"/>
  <testcase name="OpenandCloseEncouragementDayspopup" time="7.947" classname="ManageEncouragementDays.ManageEncouragementDaysTest"/>
  <testcase name="AddEncouragementDays" time="20.379" classname="ManageEncouragementDays.ManageEncouragementDaysTest"/>
  <testcase name="AddMultipleEncouragementDays" time="26.513" classname="ManageEncouragementDays.ManageEncouragementDaysTest"/>
  <testcase name="EditEncouragementDays" time="33.78" classname="ManageEncouragementDays.ManageEncouragementDaysTest"/>
  <testcase name="RemoveEncouragementdaysFromEditEncouragementdayspopup" time="26.046" classname="ManageEncouragementDays.ManageEncouragementDaysTest"/>
  <testcase name="EncouragementDaysFromAgency" time="43.897" classname="ManageEncouragementDays.ManageEncouragementDaysTest"/>
  <testcase name="RemovetheEncouragementDayfromGrid" time="36.843" classname="ManageEncouragementDays.ManageEncouragementDaysTest"/>
</testsuite>
