<?xml version="1.0" encoding="UTF-8"?>
<testng-results skipped="0" failed="0" total="1" passed="1">
  <reporter-output>
  </reporter-output>
  <suite name="ManageCaseload.ManageCaseloadTest" duration-ms="33409" started-at="2018-01-16T15:15:35Z" finished-at="2018-01-16T15:16:08Z">
    <groups>
    </groups>
    <test name="Command line test" duration-ms="33409" started-at="2018-01-16T15:15:35Z" finished-at="2018-01-16T15:16:08Z">
      <class name="ManageCaseload.ManageCaseloadTest">
        <test-method status="PASS" signature="OpenBrowseAndLogin()" name="OpenBrowseAndLogin" is-config="true" duration-ms="31171" started-at="2018-01-16T15:15:35Z" finished-at="2018-01-16T15:16:06Z">
        </test-method>
        <test-method status="PASS" signature="ManageCaseload()" name="ManageCaseload" duration-ms="1" started-at="2018-01-16T15:16:06Z" finished-at="2018-01-16T15:16:06Z">
        </test-method>
        <test-method status="PASS" signature="closeBrowser()" name="closeBrowser" is-config="true" duration-ms="2230" started-at="2018-01-16T15:16:06Z" finished-at="2018-01-16T15:16:08Z">
        </test-method>
      </class>
    </test>
  </suite>
</testng-results>
