<?xml version="1.0" encoding="UTF-8"?>
<testsuite hostname="TSD-124" name="SupportRequest.SupportRequestTest" tests="3" failures="0" timestamp="17 May 2018 12:38:45 GMT" time="57.083" errors="0">
  <testcase name="OpenSupportRequestSection" time="8.711" classname="SupportRequest.SupportRequestTest"/>
  <testcase name="SupportRequestValidation" time="5.68" classname="SupportRequest.SupportRequestTest"/>
  <testcase name="SupportRequestFunctionality" time="15.386" classname="SupportRequest.SupportRequestTest"/>
</testsuite>
