<?xml version="1.0" encoding="UTF-8"?>
<testsuite hostname="TSD-124" name="SupportRequest.SupportRequestTest" tests="3" failures="0" timestamp="14 May 2018 05:13:13 GMT" time="60.516" errors="0">
  <testcase name="OpenSupportRequestSection" time="7.921" classname="SupportRequest.SupportRequestTest"/>
  <testcase name="SupportRequestValidation" time="5.564" classname="SupportRequest.SupportRequestTest"/>
  <testcase name="SupportRequestFunctionality" time="15.972" classname="SupportRequest.SupportRequestTest"/>
</testsuite>
