<?xml version="1.0" encoding="UTF-8"?>
<testng-results skipped="0" failed="0" total="3" passed="3">
  <reporter-output>
  </reporter-output>
  <suite name="Default suite" duration-ms="95663" started-at="2018-05-10T14:34:45Z" finished-at="2018-05-10T14:36:21Z">
    <groups>
    </groups>
    <test name="Default test" duration-ms="95663" started-at="2018-05-10T14:34:45Z" finished-at="2018-05-10T14:36:21Z">
      <class name="SupportRequest.SupportRequestTest">
        <test-method status="PASS" signature="OpenBrowseAndLogin()" name="OpenBrowseAndLogin" is-config="true" duration-ms="37457" started-at="2018-05-10T14:34:45Z" finished-at="2018-05-10T14:35:22Z">
        </test-method>
        <test-method status="PASS" signature="OpenSupportRequestSection()" name="OpenSupportRequestSection" duration-ms="8058" started-at="2018-05-10T14:35:22Z" finished-at="2018-05-10T14:35:30Z">
        </test-method>
        <test-method status="PASS" signature="SupportRequestValidation()" name="SupportRequestValidation" duration-ms="5968" started-at="2018-05-10T14:35:30Z" finished-at="2018-05-10T14:35:36Z">
        </test-method>
        <test-method status="PASS" signature="SupportRequestFunctionality()" name="SupportRequestFunctionality" duration-ms="18021" started-at="2018-05-10T14:35:36Z" finished-at="2018-05-10T14:35:54Z">
        </test-method>
        <test-method status="PASS" signature="closeBrowser()" name="closeBrowser" is-config="true" duration-ms="26103" started-at="2018-05-10T14:35:54Z" finished-at="2018-05-10T14:36:21Z">
        </test-method>
      </class>
    </test>
  </suite>
</testng-results>
