<?xml version="1.0" encoding="UTF-8"?>
<testsuite hostname="TSD-124" name="SupportRequest.SupportRequestTest" tests="3" failures="0" timestamp="17 May 2018 12:36:51 GMT" time="64.214" errors="0">
  <testcase name="OpenSupportRequestSection" time="8.455" classname="SupportRequest.SupportRequestTest"/>
  <testcase name="SupportRequestValidation" time="5.946" classname="SupportRequest.SupportRequestTest"/>
  <testcase name="SupportRequestFunctionality" time="15.415" classname="SupportRequest.SupportRequestTest"/>
</testsuite>
